{"timestamp": "2025-03-14T12:34:56Z", "endpoint": "/api/data", "status_code": 200}
{"timestamp": "2025-03-14T12:35:00Z", "endpoint": "/api/users", "status_code": 404}
{"timestamp": "2025-03-14T12:35:10Z", "endpoint": "/api/data", "status_code": 500}
{"timestamp": "2025-03-14T12:36:00Z", "endpoint": "/api/users", "status_code": 403}
{"timestamp": "2025-03-14T12:36:30Z", "endpoint": "/api/auth", "status_code": 401}
{"timestamp": "2025-03-14T12:37:00Z", "endpoint": "/api/data", "status_code": 200}
{"timestamp": "2025-03-14T12:37:30Z", "endpoint": "/api/users", "status_code": 500}
{"timestamp": "2025-03-14T12:38:00Z", "endpoint": "/api/auth", "status_code": 500}
{"timestamp": "2025-03-14T12:38:30Z", "endpoint": "/api/products", "status_code": 200}
{"timestamp": "2025-03-14T12:39:00Z", "endpoint": "/api/orders", "status_code": 201}
{"timestamp": "2025-03-14T12:39:30Z", "endpoint": "/api/users", "status_code": 400}
{"timestamp": "2025-03-14T12:40:00Z", "endpoint": "/api/products", "status_code": 404}
{"timestamp": "2025-03-14T12:40:30Z", "endpoint": "/api/auth", "status_code": 403}
{"timestamp": "2025-03-14T12:41:00Z", "endpoint": "/api/orders", "status_code": 500}
{"timestamp": "2025-03-14T12:41:30Z", "endpoint": "/api/data", "status_code": 502}
{"timestamp": "2025-03-14T12:42:00Z", "endpoint": "/api/products", "status_code": 200}
{"timestamp": "2025-03-14T12:42:30Z", "endpoint": "/api/users", "status_code": 201}
{"timestamp": "2025-03-14T12:43:00Z", "endpoint": "/api/auth", "status_code": 400}
{"timestamp": "2025-03-14T12:43:30Z", "endpoint": "/api/orders", "status_code": 403}
{"timestamp": "2025-03-14T12:44:00Z", "endpoint": "/api/data", "status_code": 404}
{"timestamp": "2025-03-14T12:44:30Z", "endpoint": "/api/products", "status_code": 500}
{"timestamp": "2025-03-14T12:45:00Z", "endpoint": "/api/users", "status_code": 502}
{"timestamp": "2025-03-14T12:45:30Z", "endpoint": "/api/auth", "status_code": 200}
{"timestamp": "2025-03-14T12:46:00Z", "endpoint": "/api/orders", "status_code": 201}
{"timestamp": "2025-03-14T12:46:30Z", "endpoint": "/api/data", "status_code": 400}
{"timestamp": "2025-03-14T12:47:00Z", "endpoint": "/api/products", "status_code": 403}
{"timestamp": "2025-03-14T12:47:30Z", "endpoint": "/api/users", "status_code": 404}
{"timestamp": "2025-03-14T12:48:00Z", "endpoint": "/api/auth", "status_code": 500}
{"timestamp": "2025-03-14T12:48:30Z", "endpoint": "/api/orders", "status_code": 502}
{"timestamp": "2025-03-14T12:49:00Z", "endpoint": "/api/data", "status_code": 200}
{"timestamp": "2025-03-14T12:49:30Z", "endpoint": "/api/products", "status_code": 201}
{"timestamp": "2025-03-14T12:50:00Z", "endpoint": "/api/users", "status_code": 400}
{"timestamp": "2025-03-14T12:50:30Z", "endpoint": "/api/auth", "status_code": 403}
{"timestamp": "2025-03-14T12:51:00Z", "endpoint": "/api/orders", "status_code": 404}
{"timestamp": "2025-03-14T12:51:30Z", "endpoint": "/api/data", "status_code": 500}
{"timestamp": "2025-03-14T12:52:00Z", "endpoint": "/api/products", "status_code": 502}
{"timestamp": "2025-03-14T12:52:30Z", "endpoint": "/api/users", "status_code": 200}
{"timestamp": "2025-03-14T12:53:00Z", "endpoint": "/api/auth", "status_code": 201}
{"timestamp": "2025-03-14T12:53:30Z", "endpoint": "/api/orders", "status_code": 400}
{"timestamp": "2025-03-14T12:54:00Z", "endpoint": "/api/data", "status_code": 403}
{"timestamp": "2025-03-14T12:54:30Z", "endpoint": "/api/products", "status_code": 404}
{"timestamp": "2025-03-14T12:55:00Z", "endpoint": "/api/users", "status_code": 500}
{"timestamp": "2025-03-14T12:55:30Z", "endpoint": "/api/auth", "status_code": 502}
{"timestamp": "2025-03-14T12:56:00Z", "endpoint": "/api/orders", "status_code": 200}
{"timestamp": "2025-03-14T12:56:30Z", "endpoint": "/api/data", "status_code": 201}
{"timestamp": "2025-03-14T12:57:00Z", "endpoint": "/api/products", "status_code": 400}
{"timestamp": "2025-03-14T12:57:30Z", "endpoint": "/api/users", "status_code": 403}
{"timestamp": "2025-03-14T12:58:00Z", "endpoint": "/api/auth", "status_code": 404}
{"timestamp": "2025-03-14T12:58:30Z", "endpoint": "/api/orders", "status_code": 500}
{"timestamp": "2025-03-14T12:59:00Z", "endpoint": "/api/data", "status_code": 502}
{"timestamp": "2025-03-14T12:59:30Z", "endpoint": "/api/products", "status_code": 200}
{"timestamp": "2025-03-14T13:00:00Z", "endpoint": "/api/users", "status_code": 201}
{"timestamp": "2025-03-14T13:00:30Z", "endpoint": "/api/auth", "status_code": 400}
{"timestamp": "2025-03-14T13:01:00Z", "endpoint": "/api/orders", "status_code": 403}
{"timestamp": "2025-03-14T13:01:30Z", "endpoint": "/api/data", "status_code": 404}
{"timestamp": "2025-03-14T13:02:00Z", "endpoint": "/api/products", "status_code": 500}
{"timestamp": "2025-03-14T13:02:30Z", "endpoint": "/api/users", "status_code": 502}
{"timestamp": "2025-03-14T13:03:00Z", "endpoint": "/api/auth", "status_code": 200}
{"timestamp": "2025-03-14T13:03:30Z", "endpoint": "/api/orders", "status_code": 201}
{"timestamp": "2025-03-14T13:04:00Z", "endpoint": "/api/data", "status_code": 400}
{"timestamp": "2025-03-14T13:04:30Z", "endpoint": "/api/products", "status_code": 403}
{"timestamp": "2025-03-14T13:05:00Z", "endpoint": "/api/users", "status_code": 404}
{"timestamp": "2025-03-14T13:05:30Z", "endpoint": "/api/auth", "status_code": 500}
{"timestamp": "2025-03-14T13:06:00Z", "endpoint": "/api/orders", "status_code": 502}
{"timestamp": "2025-03-14T13:06:30Z", "endpoint": "/api/data", "status_code": 200}
{"timestamp": "2025-03-14T13:07:00Z", "endpoint": "/api/products", "status_code": 201}
{"timestamp": "2025-03-14T13:07:30Z", "endpoint": "/api/users", "status_code": 400}
{"timestamp": "2025-03-14T13:08:00Z", "endpoint": "/api/auth", "status_code": 403}
{"timestamp": "2025-03-14T13:08:30Z", "endpoint": "/api/orders", "status_code": 404}
{"timestamp": "2025-03-14T13:09:00Z", "endpoint": "/api/data", "status_code": 500}
{"timestamp": "2025-03-14T13:09:30Z", "endpoint": "/api/products", "status_code": 502}
{"timestamp": "2025-03-14T13:10:00Z", "endpoint": "/api/users", "status_code": 200}
{"timestamp": "2025-03-14T13:10:30Z", "endpoint": "/api/auth", "status_code": 201}
{"timestamp": "2025-03-14T13:11:00Z", "endpoint": "/api/orders", "status_code": 400}
{"timestamp": "2025-03-14T13:11:30Z", "endpoint": "/api/data", "status_code": 403}
{"timestamp": "2025-03-14T13:12:00Z", "endpoint": "/api/products", "status_code": 404}
{"timestamp": "2025-03-14T13:12:30Z", "endpoint": "/api/users", "status_code": 500}
{"timestamp": "2025-03-14T13:13:00Z", "endpoint": "/api/auth", "status_code": 502}
{"timestamp": "2025-03-14T13:13:30Z", "endpoint": "/api/orders", "status_code": 200}
{"timestamp": "2025-03-14T13:14:00Z", "endpoint": "/api/data", "status_code": 201}
{"timestamp": "2025-03-14T13:14:30Z", "endpoint": "/api/products", "status_code": 400}
{"timestamp": "2025-03-14T13:15:00Z", "endpoint": "/api/users", "status_code": 403}
{"timestamp": "2025-03-14T13:15:30Z", "endpoint": "/api/auth", "status_code": 404}
{"timestamp": "2025-03-14T13:16:00Z", "endpoint": "/api/orders", "status_code": 500}
{"timestamp": "2025-03-14T13:16:30Z", "endpoint": "/api/data", "status_code": 502}
{"timestamp": "2025-03-14T13:17:00Z", "endpoint": "/api/products", "status_code": 200}
{"timestamp": "2025-03-14T13:17:30Z", "endpoint": "/api/users", "status_code": 201}
{"timestamp": "2025-03-14T13:18:00Z", "endpoint": "/api/auth", "status_code": 400}
{"timestamp": "2025-03-14T13:18:30Z", "endpoint": "/api/orders", "status_code": 403}
{"timestamp": "2025-03-14T13:19:00Z", "endpoint": "/api/data", "status_code": 404}
{"timestamp": "2025-03-14T13:19:30Z", "endpoint": "/api/products", "status_code": 500}
{"timestamp": "2025-03-14T13:20:00Z", "endpoint": "/api/users", "status_code": 502}
{"timestamp": "2025-03-14T13:20:30Z", "endpoint": "/api/auth", "status_code": 200}
{"timestamp": "2025-03-14T13:21:00Z", "endpoint": "/api/orders", "status_code": 201}
{"timestamp": "2025-03-14T13:21:30Z", "endpoint": "/api/data", "status_code": 400}
{"timestamp": "2025-03-14T13:22:00Z", "endpoint": "/api/products", "status_code": 403}
{"timestamp": "2025-03-14T13:22:30Z", "endpoint": "/api/users", "status_code": 404}
{"timestamp": "2025-03-14T13:23:00Z", "endpoint": "/api/auth", "status_code": 500}
{"timestamp": "2025-03-14T13:23:30Z", "endpoint": "/api/orders", "status_code": 502}
{"timestamp": "2025-03-14T13:24:00Z", "endpoint": "/api/data", "status_code": 200}
{"timestamp": "2025-03-14T13:24:30Z", "endpoint": "/api/products", "status_code": 201}
{"timestamp": "2025-03-14T13:25:00Z", "endpoint": "/api/users", "status_code": 400}
{"timestamp": "2025-03-14T13:25:30Z", "endpoint": "/api/auth", "status_code": 403}
{"timestamp": "2025-03-14T12:37:00Z", "endpoint": "/api/data", "status_code": 200}
{"timestamp": "2025-03-14T12:37:30Z", "endpoint": "/api/users", "status_code": 500}
{"timestamp": "2025-03-14T12:38:00Z", "endpoint": "/api/auth", "status_code": 500}
